<?xml version="1.0" encoding="UTF-8"?>
<!-- Generated by org.testng.reporters.JUnitReportReporter -->
<testsuite hostname="Bhagyashri" failures="0" tests="2" name="testcases.Inventory_Page_2_Test" time="20.073" errors="0" timestamp="2023-12-12T14:21:26 IST" skipped="0">
  <testcase classname="testcases.Inventory_Page_2_Test" name="verifyProductsLebalTest" time="11.727"/>
  <system-out>
    <![CDATA[Label of inventory page =Products]]>
  </system-out>
  <testcase classname="testcases.Inventory_Page_2_Test" name="verifyFacebookLogo" time="8.346"/>
  <system-out>
    <![CDATA[Visibility of Facebook Logo =true]]>
  </system-out>
</testsuite> <!-- testcases.Inventory_Page_2_Test -->
