<?xml version="1.0" encoding="UTF-8"?>
<!-- Generated by org.testng.reporters.JUnitReportReporter -->
<testsuite hostname="Bhagyashri" failures="0" tests="3" name="testcases.CheckoutPage1_Test" time="58.770" errors="0" timestamp="2023-12-11T15:56:01 IST" skipped="0">
  <testcase classname="testcases.CheckoutPage1_Test" name="verifyURLofCheckoutPage1" time="19.036"/>
  <system-out>
    <![CDATA[URL of checkoutpage1=https://www.saucedemo.com/checkout-step-one.html]]>
  </system-out>
  <testcase classname="testcases.CheckoutPage1_Test" name="verifytitleofapplication" time="19.855"/>
  <system-out>
    <![CDATA[Title of page=Checkout: Your Information]]>
  </system-out>
  <testcase classname="testcases.CheckoutPage1_Test" name="Inputinformation" time="19.879"/>
  <system-out>
    <![CDATA[Title of checkout page 2 =https://www.saucedemo.com/checkout-step-two.html]]>
  </system-out>
</testsuite> <!-- testcases.CheckoutPage1_Test -->
