<?xml version="1.0" encoding="UTF-8"?>
<!-- Generated by org.testng.reporters.JUnitReportReporter -->
<testsuite hostname="Bhagyashri" failures="0" tests="7" name="testcases.CartPageTest" time="114.287" errors="0" timestamp="2023-12-11T15:56:01 IST" skipped="0">
  <testcase classname="testcases.CartPageTest" name="verifyCartdecriptionLableTest" time="15.386"/>
  <system-out/>
  <testcase classname="testcases.CartPageTest" name="verifyUrlCheckoutTest" time="19.115"/>
  <system-out/>
  <testcase classname="testcases.CartPageTest" name="verifyContinueShoppingCartUrlTest" time="18.530"/>
  <system-out/>
  <testcase classname="testcases.CartPageTest" name="verifyCartQTYlableTest" time="14.942"/>
  <system-out/>
  <testcase classname="testcases.CartPageTest" name="remove3ProductCartTest" time="16.282"/>
  <system-out/>
  <testcase classname="testcases.CartPageTest" name="verifyProductLableCartTest" time="13.103"/>
  <system-out/>
  <testcase classname="testcases.CartPageTest" name="verifyCartUrlApplicationTest" time="16.929"/>
  <system-out/>
</testsuite> <!-- testcases.CartPageTest -->
