<?xml version="1.0" encoding="UTF-8"?>
<!-- Generated by org.testng.reporters.JUnitReportReporter -->
<testsuite hostname="Bhagyashri" failures="0" tests="5" name="testcases.CheckOutPage2Test" time="95.121" errors="0" timestamp="2023-12-11T15:56:01 IST" skipped="0">
  <testcase classname="testcases.CheckOutPage2Test" name="verifyQTY" time="19.071"/>
  <system-out>
    <![CDATA[label of qty =QTY]]>
  </system-out>
  <testcase classname="testcases.CheckOutPage2Test" name="verifyShiipingInfo" time="19.612"/>
  <system-out>
    <![CDATA[visibility of shipping=Shipping Information]]>
  </system-out>
  <testcase classname="testcases.CheckOutPage2Test" name="verifyPaymentInfo" time="18.614"/>
  <system-out>
    <![CDATA[visibility of payment=Payment Information]]>
  </system-out>
  <testcase classname="testcases.CheckOutPage2Test" name="verifyDescription" time="19.134"/>
  <system-out>
    <![CDATA[visibility of description=Description]]>
  </system-out>
  <testcase classname="testcases.CheckOutPage2Test" name="verifyURLofCTitlecheckoutpage2" time="18.690"/>
  <system-out>
    <![CDATA[URL of checkout page 2=https://www.saucedemo.com/checkout-step-two.html]]>
  </system-out>
</testsuite> <!-- testcases.CheckOutPage2Test -->
