<?xml version="1.0" encoding="UTF-8"?>
<!-- Generated by org.testng.reporters.JUnitReportReporter -->
<testsuite hostname="Bhagyashri" failures="0" tests="2" name="testcases.LoginPageTest" time="10.174" errors="0" timestamp="2023-12-13T16:03:33 IST" skipped="1">
  <testcase classname="testcases.LoginPageTest" name="loginToApplicationTest" time="10.174"/>
  <system-out/>
  <testcase classname="testcases.LoginPageTest" name="VerifyTitleofApplication">
    <skipped/>
  </testcase> <!-- VerifyTitleofApplication -->
  <system-out/>
</testsuite> <!-- testcases.LoginPageTest -->
